[2024-06-19T14:34:29.993930+00:00] name.WARNING: MySQL Connected successfully [] []
[2024-06-19T14:34:30.005935+00:00] name.WARNING: MySQL Closed successfully [] []
[2024-06-19T14:34:30.765082+00:00] name.WARNING: MySQL Connected successfully [] []
[2024-06-19T14:34:30.772128+00:00] name.WARNING: MySQL Closed successfully [] []
[2024-06-19T14:52:38.938968+00:00] name.WARNING: MySQL Connected successfully [] []
[2024-06-19T14:52:38.954635+00:00] name.WARNING: MySQL Closed successfully [] []
[2024-06-19T15:25:12.733330+00:00] name.WARNING: MySQL Connected successfully [] []
[2024-06-19T15:25:12.740379+00:00] name.WARNING: MySQL Closed successfully [] []
[2024-06-19T23:41:18.079036+00:00] name.WARNING: MySQL Connected successfully [] []
[2024-06-19T23:41:18.151545+00:00] name.WARNING: MySQL Closed successfully [] []
[2024-06-25T16:35:44.265710+00:00] user-data.INFO: server-side {"controller":"learning","action":"variables"} []
[2024-06-25T16:35:46.859908+00:00] user-data.INFO: server-side {"controller":"learning","action":"varScope"} []
[2024-06-25T16:35:50.341930+00:00] user-data.INFO: server-side {"controller":"learning","action":"echoPrint"} []
[2024-06-25T16:35:53.287314+00:00] user-data.INFO: server-side {"controller":"learning","action":"dataTypes"} []
[2024-06-25T16:35:55.962911+00:00] user-data.INFO: server-side {"controller":"learning","action":"strings"} []
[2024-06-25T16:35:58.666458+00:00] user-data.INFO: server-side {"controller":"learning","action":"numbers"} []
[2024-06-25T16:36:01.570956+00:00] user-data.INFO: server-side {"controller":"learning","action":"regExp"} []
[2024-06-25T16:36:04.710516+00:00] user-data.INFO: server-side {"controller":"learning","action":"math"} []
[2024-06-25T16:36:07.412105+00:00] user-data.INFO: server-side {"controller":"learning","action":"constants"} []
[2024-06-25T16:36:09.983024+00:00] user-data.INFO: server-side {"controller":"learning","action":"magicConstants"} []
[2024-06-25T16:36:12.782689+00:00] user-data.INFO: server-side {"controller":"learning","action":"operators"} []
[2024-06-25T16:36:15.495674+00:00] user-data.INFO: server-side {"controller":"learning","action":"ifElse"} []
[2024-06-25T16:36:18.063824+00:00] user-data.INFO: server-side {"controller":"learning","action":"switch"} []
[2024-06-25T16:36:20.602169+00:00] user-data.INFO: server-side {"controller":"learning","action":"loops"} []
[2024-06-25T16:36:23.347035+00:00] user-data.INFO: server-side {"controller":"learning","action":"functions"} []
[2024-06-25T16:36:25.926990+00:00] user-data.INFO: server-side {"controller":"learning","action":"classes"} []
[2024-06-25T16:36:28.796697+00:00] user-data.INFO: server-side {"controller":"learning","action":"exceptions"} []
[2024-06-25T16:36:31.659612+00:00] user-data.INFO: server-side {"controller":"learning","action":"arrays"} []
[2024-06-25T16:36:34.405056+00:00] user-data.INFO: server-side {"controller":"learning","action":"superGlobals"} []
[2024-06-25T16:36:37.060863+00:00] user-data.INFO: server-side {"controller":"learning","action":"regExp"} []
